<?xml version="1.0" encoding="UTF-8"?>
<!-- Generated by org.testng.reporters.JUnitXMLReporter -->
<testsuite ignored="0" hostname="Aniket" failures="1" tests="2" name="Test" time="0.098" errors="0" timestamp="2022-02-13T15:36:57 IST">
  <testcase classname="com.Test.Test_001" name="VTest" time="0.023"/>
  <testcase classname="com.Test.Test_001" name="VTest" time="0.062">
    <failure type="java.lang.NullPointerException" message="Cannot invoke &amp;quot;org.openqa.selenium.TakesScreenshot.getScreenshotAs(org.openqa.selenium.OutputType)&amp;quot; because &amp;quot;com.Utility.Listeners.driver&amp;quot; is null">
      <![CDATA[java.lang.NullPointerException: Cannot invoke "org.openqa.selenium.TakesScreenshot.getScreenshotAs(org.openqa.selenium.OutputType)" because "com.Utility.Listeners.driver" is null
at com.Utility.Listeners.onTestSuccess(Listeners.java:26)
at java.base/java.util.ArrayList.forEach(ArrayList.java:1511)
... Removed 24 stack frames]]>
    </failure>
  </testcase> <!-- VTest -->
</testsuite> <!-- Test -->
