<?xml version="1.0" encoding="UTF-8"?>
<testng-results ignored="0" total="1" passed="1" failed="0" skipped="0">
  <reporter-output>
  </reporter-output>
  <suite started-at="2022-02-13T15:40:47 IST" name="Suite" finished-at="2022-02-13T15:41:30 IST" duration-ms="43619">
    <groups>
    </groups>
    <test started-at="2022-02-13T15:40:47 IST" name="Test_001" finished-at="2022-02-13T15:41:30 IST" duration-ms="43619">
      <class name="com.Test.Verify_Login">
        <test-method is-config="true" signature="BS()[pri:0, instance:com.Test.Verify_Login@231f98ef]" started-at="2022-02-13T15:40:45 IST" name="BS" finished-at="2022-02-13T15:40:47 IST" duration-ms="1068" status="PASS">
          <reporter-output>
          </reporter-output>
        </test-method> <!-- BS -->
        <test-method is-config="true" signature="LaunchBrowser(java.lang.String)[pri:0, instance:com.Test.Verify_Login@231f98ef]" started-at="2022-02-13T15:40:47 IST" name="LaunchBrowser" finished-at="2022-02-13T15:40:57 IST" duration-ms="10415" status="PASS">
          <params>
            <param index="0">
              <value>
                <![CDATA[Chrome]]>
              </value>
            </param>
          </params>
          <reporter-output>
          </reporter-output>
        </test-method> <!-- LaunchBrowser -->
        <test-method signature="verify_login()[pri:0, instance:com.Test.Verify_Login@231f98ef]" started-at="2022-02-13T15:40:57 IST" name="verify_login" finished-at="2022-02-13T15:40:57 IST" duration-ms="442" status="PASS">
          <reporter-output>
          </reporter-output>
        </test-method> <!-- verify_login -->
        <test-method is-config="true" signature="TearDown()[pri:0, instance:com.Test.Verify_Login@231f98ef]" started-at="2022-02-13T15:41:29 IST" name="TearDown" finished-at="2022-02-13T15:41:30 IST" duration-ms="910" status="PASS">
          <reporter-output>
          </reporter-output>
        </test-method> <!-- TearDown -->
      </class> <!-- com.Test.Verify_Login -->
    </test> <!-- Test_001 -->
  </suite> <!-- Suite -->
</testng-results>
